2026-05-09 13:14:50,064 INFO egrn_parser.parsers.pdf_parser — ✓ Разобрана выписка КУВИ-001/2026-58060877: 61:44:0040713:370 (building), прав: 4, ограничений объекта: 0
2026-05-09 13:14:50,252 INFO egrn_parser.parsers.xlsx_template_parser — ✓ Шаблон egrn_20260508_093233.xlsx: 12 ЗУ, 138 зданий/сооружений
2026-05-09 13:14:50,254 INFO egrn_parser.parsers.xml_parser — ✓ Разобрана XML-выписка КУВИ-001/2026-58060877: 61:44:0040713:370 (building), прав: 4
2026-05-09 13:14:53,329 INFO egrn_parser.parsers.pdf_parser — ✓ Разобрана выписка КУВИ-001/2026-58048669: 61:44:0040713:7 (land), прав: 10, ограничений объекта: 4
2026-05-09 13:14:53,360 INFO egrn_parser.parsers.xml_parser — ✓ Разобрана XML-выписка КУВИ-001/2026-58048669: 61:44:0040713:7 (land), прав: 10
2026-05-09 13:14:53,927 INFO egrn_parser.parsers.pdf_parser — ✓ Разобрана выписка КУВИ-001/2026-55127677: 90:25:020103:763 (structure), прав: 1, ограничений объекта: 0
2026-05-09 13:14:54,528 INFO egrn_parser.parsers.pdf_parser — ✓ Разобрана выписка КУВИ-001/2026-54597611: 90:25:020103:3005 (structure), прав: 1, ограничений объекта: 0
2026-05-09 13:14:55,391 INFO egrn_parser.parsers.pdf_parser — ✓ Разобрана выписка КУВИ-001/2026-53832281: 90:25:020103:1013 (building), прав: 3, ограничений объекта: 0
2026-05-09 13:15:05,357 INFO egrn_parser.parsers.pdf_parser — ✓ Разобрана выписка КУВИ-001/2026-53834711: 90:25:020103:1113 (building), прав: 2, ограничений объекта: 0
2026-05-09 13:15:06,065 INFO egrn_parser.parsers.pdf_parser — ✓ Разобрана выписка КУВИ-001/2026-54173461: 90:25:020103:1370 (building), прав: 2, ограничений объекта: 0
2026-05-09 13:15:06,654 INFO egrn_parser.parsers.pdf_parser — ✓ Разобрана выписка КУВИ-001/2026-53836994: 90:25:020103:1378 (structure), прав: 1, ограничений объекта: 0
2026-05-09 13:15:07,662 INFO egrn_parser.parsers.pdf_parser — ✓ Разобрана выписка КУВИ-001/2026-53837509: 90:25:020103:1391 (structure), прав: 1, ограничений объекта: 0
2026-05-09 13:15:08,243 INFO egrn_parser.parsers.pdf_parser — ✓ Разобрана выписка КУВИ-001/2026-53837866: 90:25:020103:1393 (structure), прав: 1, ограничений объекта: 0
2026-05-09 13:15:09,598 INFO egrn_parser.parsers.pdf_parser — ✓ Разобрана выписка КУВИ-001/2026-53833256: 90:25:020103:1463 (building), прав: 1, ограничений объекта: 0
2026-05-09 13:15:10,205 INFO egrn_parser.parsers.pdf_parser — ✓ Разобрана выписка КУВИ-001/2026-53831037: 90:25:020103:1466 (structure), прав: 1, ограничений объекта: 0
2026-05-09 13:15:11,027 INFO egrn_parser.parsers.pdf_parser — ✓ Разобрана выписка КУВИ-001/2026-53833791: 90:25:020103:1486 (building), прав: 2, ограничений объекта: 0
2026-05-09 13:15:11,623 INFO egrn_parser.parsers.pdf_parser — ✓ Разобрана выписка КУВИ-001/2026-53838516: 90:25:020103:1556 (structure), прав: 1, ограничений объекта: 0
2026-05-09 13:15:12,336 INFO egrn_parser.parsers.pdf_parser — ✓ Разобрана выписка КУВИ-001/2026-53832812: 90:25:020103:1585 (room), прав: 1, ограничений объекта: 0
2026-05-09 13:15:12,931 INFO egrn_parser.parsers.pdf_parser — ✓ Разобрана выписка КУВИ-001/2026-53840354: 90:25:020103:1590 (building), прав: 1, ограничений объекта: 0
2026-05-09 13:15:13,590 INFO egrn_parser.parsers.pdf_parser — ✓ Разобрана выписка КУВИ-001/2026-53836518: 90:25:020103:1627 (structure), прав: 1, ограничений объекта: 0
2026-05-09 13:15:14,279 INFO egrn_parser.parsers.pdf_parser — ✓ Разобрана выписка КУВИ-001/2026-55128074: 90:25:020103:1746 (structure), прав: 1, ограничений объекта: 0
2026-05-09 13:15:14,904 INFO egrn_parser.parsers.pdf_parser — ✓ Разобрана выписка КУВИ-001/2026-53835648: 90:25:020103:2803 (structure), прав: 1, ограничений объекта: 0
2026-05-09 13:15:15,508 INFO egrn_parser.parsers.pdf_parser — ✓ Разобрана выписка КУВИ-001/2026-54174422: 90:25:020103:2862 (structure), прав: 1, ограничений объекта: 0
2026-05-09 13:15:16,210 INFO egrn_parser.parsers.pdf_parser — ✓ Разобрана выписка КУВИ-001/2026-54175002: 90:25:020103:2877 (structure), прав: 1, ограничений объекта: 0
2026-05-09 13:15:16,907 INFO egrn_parser.parsers.pdf_parser — ✓ Разобрана выписка КУВИ-001/2026-54175920: 90:25:020103:2886 (structure), прав: 1, ограничений объекта: 0
2026-05-09 13:15:17,555 INFO egrn_parser.parsers.pdf_parser — ✓ Разобрана выписка КУВИ-001/2026-54180044: 90:25:020103:2889 (structure), прав: 1, ограничений объекта: 0
2026-05-09 13:15:18,300 INFO egrn_parser.parsers.pdf_parser — ✓ Разобрана выписка КУВИ-001/2026-54180865: 90:25:020103:2892 (structure), прав: 1, ограничений объекта: 0
2026-05-09 13:15:18,952 INFO egrn_parser.parsers.pdf_parser — ✓ Разобрана выписка КУВИ-001/2026-54182006: 90:25:020103:2901 (structure), прав: 1, ограничений объекта: 0
2026-05-09 13:15:19,667 INFO egrn_parser.parsers.pdf_parser — ✓ Разобрана выписка КУВИ-001/2026-54182675: 90:25:020103:2910 (structure), прав: 1, ограничений объекта: 0
2026-05-09 13:15:20,649 INFO egrn_parser.parsers.pdf_parser — ✓ Разобрана выписка КУВИ-001/2026-54183421: 90:25:020103:2917 (structure), прав: 1, ограничений объекта: 0
2026-05-09 13:15:21,303 INFO egrn_parser.parsers.pdf_parser — ✓ Разобрана выписка КУВИ-001/2026-54592874: 90:25:020103:2923 (structure), прав: 1, ограничений объекта: 0
2026-05-09 13:15:21,955 INFO egrn_parser.parsers.pdf_parser — ✓ Разобрана выписка КУВИ-001/2026-54593337: 90:25:020103:2927 (structure), прав: 1, ограничений объекта: 0
2026-05-09 13:15:22,746 INFO egrn_parser.parsers.pdf_parser — ✓ Разобрана выписка КУВИ-001/2026-54593798: 90:25:020103:2951 (structure), прав: 1, ограничений объекта: 0
2026-05-09 13:15:23,564 INFO egrn_parser.parsers.pdf_parser — ✓ Разобрана выписка КУВИ-001/2026-54594070: 90:25:020103:2972 (structure), прав: 1, ограничений объекта: 0
2026-05-09 13:15:24,227 INFO egrn_parser.parsers.pdf_parser — ✓ Разобрана выписка КУВИ-001/2026-54594476: 90:25:020103:2975 (structure), прав: 1, ограничений объекта: 0
2026-05-09 13:15:24,812 INFO egrn_parser.parsers.pdf_parser — ✓ Разобрана выписка КУВИ-001/2026-54594929: 90:25:020103:2977 (structure), прав: 1, ограничений объекта: 0
2026-05-09 13:15:25,651 INFO egrn_parser.parsers.pdf_parser — ✓ Разобрана выписка КУВИ-001/2026-54595280: 90:25:020103:2987 (structure), прав: 1, ограничений объекта: 0
2026-05-09 13:15:26,678 INFO egrn_parser.parsers.pdf_parser — ✓ Разобрана выписка КУВИ-001/2026-54595591: 90:25:020103:2993 (structure), прав: 1, ограничений объекта: 0
2026-05-09 13:15:27,480 INFO egrn_parser.parsers.pdf_parser — ✓ Разобрана выписка КУВИ-001/2026-54595981: 90:25:020103:2994 (structure), прав: 1, ограничений объекта: 0
2026-05-09 13:15:28,216 INFO egrn_parser.parsers.pdf_parser — ✓ Разобрана выписка КУВИ-001/2026-55134311: 90:25:020103:2995 (structure), прав: 1, ограничений объекта: 0
2026-05-09 13:15:28,794 INFO egrn_parser.parsers.pdf_parser — ✓ Разобрана выписка КУВИ-001/2026-54596375: 90:25:020103:2998 (structure), прав: 1, ограничений объекта: 0
2026-05-09 13:15:29,388 INFO egrn_parser.parsers.pdf_parser — ✓ Разобрана выписка КУВИ-001/2026-54596810: 90:25:020103:2999 (structure), прав: 1, ограничений объекта: 0
2026-05-09 13:15:30,104 INFO egrn_parser.parsers.pdf_parser — ✓ Разобрана выписка КУВИ-001/2026-54597211: 90:25:020103:3001 (structure), прав: 1, ограничений объекта: 0
2026-05-09 13:15:30,790 INFO egrn_parser.parsers.pdf_parser — ✓ Разобрана выписка КУВИ-001/2026-54598074: 90:25:020103:3026 (structure), прав: 1, ограничений объекта: 0
2026-05-09 13:15:31,419 INFO egrn_parser.parsers.pdf_parser — ✓ Разобрана выписка КУВИ-001/2026-54598349: 90:25:020103:3042 (structure), прав: 1, ограничений объекта: 0
2026-05-09 13:15:32,146 INFO egrn_parser.parsers.pdf_parser — ✓ Разобрана выписка КУВИ-001/2026-54598834: 90:25:020103:3047 (structure), прав: 1, ограничений объекта: 0
2026-05-09 13:15:32,729 INFO egrn_parser.parsers.pdf_parser — ✓ Разобрана выписка КУВИ-001/2026-54599034: 90:25:020103:3054 (structure), прав: 1, ограничений объекта: 0
2026-05-09 13:15:33,297 INFO egrn_parser.parsers.pdf_parser — ✓ Разобрана выписка КУВИ-001/2026-54599482: 90:25:020103:3055 (structure), прав: 1, ограничений объекта: 0
2026-05-09 13:15:33,974 INFO egrn_parser.parsers.pdf_parser — ✓ Разобрана выписка КУВИ-001/2026-54600022: 90:25:020103:3076 (structure), прав: 1, ограничений объекта: 0
2026-05-09 13:15:34,568 INFO egrn_parser.parsers.pdf_parser — ✓ Разобрана выписка КУВИ-001/2026-54600327: 90:25:020103:3077 (structure), прав: 1, ограничений объекта: 0
2026-05-09 13:15:35,217 INFO egrn_parser.parsers.pdf_parser — ✓ Разобрана выписка КУВИ-001/2026-54600807: 90:25:020103:3078 (structure), прав: 1, ограничений объекта: 0
2026-05-09 13:15:35,796 INFO egrn_parser.parsers.pdf_parser — ✓ Разобрана выписка КУВИ-001/2026-54601364: 90:25:020103:3079 (structure), прав: 1, ограничений объекта: 0
2026-05-09 13:15:36,370 INFO egrn_parser.parsers.pdf_parser — ✓ Разобрана выписка КУВИ-001/2026-54601716: 90:25:020103:3104 (structure), прав: 1, ограничений объекта: 0
2026-05-09 13:15:37,033 INFO egrn_parser.parsers.pdf_parser — ✓ Разобрана выписка КУВИ-001/2026-54602042: 90:25:020103:3105 (structure), прав: 1, ограничений объекта: 0
2026-05-09 13:15:37,623 INFO egrn_parser.parsers.pdf_parser — ✓ Разобрана выписка КУВИ-001/2026-55133949: 90:25:020103:3153 (structure), прав: 1, ограничений объекта: 0
2026-05-09 13:15:38,208 INFO egrn_parser.parsers.pdf_parser — ✓ Разобрана выписка КУВИ-001/2026-54602478: 90:25:020103:3161 (structure), прав: 1, ограничений объекта: 0
2026-05-09 13:15:38,899 INFO egrn_parser.parsers.pdf_parser — ✓ Разобрана выписка КУВИ-001/2026-54602944: 90:25:020103:3167 (structure), прав: 1, ограничений объекта: 0
2026-05-09 13:15:39,514 INFO egrn_parser.parsers.pdf_parser — ✓ Разобрана выписка КУВИ-001/2026-54603326: 90:25:020103:3168 (structure), прав: 1, ограничений объекта: 0
2026-05-09 13:15:40,103 INFO egrn_parser.parsers.pdf_parser — ✓ Разобрана выписка КУВИ-001/2026-54603779: 90:25:020103:3170 (structure), прав: 1, ограничений объекта: 0
2026-05-09 13:15:40,765 INFO egrn_parser.parsers.pdf_parser — ✓ Разобрана выписка КУВИ-001/2026-54604160: 90:25:020103:3171 (structure), прав: 1, ограничений объекта: 0
2026-05-09 13:15:41,341 INFO egrn_parser.parsers.pdf_parser — ✓ Разобрана выписка КУВИ-001/2026-54604536: 90:25:020103:3172 (structure), прав: 1, ограничений объекта: 0
2026-05-09 13:15:41,986 INFO egrn_parser.parsers.pdf_parser — ✓ Разобрана выписка КУВИ-001/2026-55126832: 90:25:020103:3173 (structure), прав: 1, ограничений объекта: 0
2026-05-09 13:15:42,556 INFO egrn_parser.parsers.pdf_parser — ✓ Разобрана выписка КУВИ-001/2026-55126945: 90:25:020103:3175 (structure), прав: 1, ограничений объекта: 0
2026-05-09 13:15:43,127 INFO egrn_parser.parsers.pdf_parser — ✓ Разобрана выписка КУВИ-001/2026-55128021: 90:25:020103:3176 (structure), прав: 1, ограничений объекта: 0
2026-05-09 13:15:43,813 INFO egrn_parser.parsers.pdf_parser — ✓ Разобрана выписка КУВИ-001/2026-55127083: 90:25:020103:3201 (structure), прав: 1, ограничений объекта: 0
2026-05-09 13:15:44,394 INFO egrn_parser.parsers.pdf_parser — ✓ Разобрана выписка КУВИ-001/2026-55127181: 90:25:020103:3227 (structure), прав: 1, ограничений объекта: 0
2026-05-09 13:15:45,028 INFO egrn_parser.parsers.pdf_parser — ✓ Разобрана выписка КУВИ-001/2026-55127279: 90:25:020103:3228 (structure), прав: 1, ограничений объекта: 0
2026-05-09 13:15:45,668 INFO egrn_parser.parsers.pdf_parser — ✓ Разобрана выписка КУВИ-001/2026-55127370: 90:25:020103:3232 (structure), прав: 1, ограничений объекта: 0
2026-05-09 13:15:46,271 INFO egrn_parser.parsers.pdf_parser — ✓ Разобрана выписка КУВИ-001/2026-53841969: 90:25:020102:324 (building), прав: 1, ограничений объекта: 0
2026-05-09 13:15:46,845 INFO egrn_parser.parsers.pdf_parser — ✓ Разобрана выписка КУВИ-001/2026-55127456: 90:25:020103:3242 (structure), прав: 1, ограничений объекта: 0
2026-05-09 13:15:47,545 INFO egrn_parser.parsers.pdf_parser — ✓ Разобрана выписка КУВИ-001/2026-53843935: 90:25:020102:325 (building), прав: 1, ограничений объекта: 0
2026-05-09 13:15:48,117 INFO egrn_parser.parsers.pdf_parser — ✓ Разобрана выписка КУВИ-001/2026-55127537: 90:25:020103:3257 (structure), прав: 1, ограничений объекта: 0
2026-05-09 13:15:48,768 INFO egrn_parser.parsers.pdf_parser — ✓ Разобрана выписка КУВИ-001/2026-53843368: 90:25:020102:326 (structure), прав: 1, ограничений объекта: 0
2026-05-09 13:15:49,341 INFO egrn_parser.parsers.pdf_parser — ✓ Разобрана выписка КУВИ-001/2026-55127595: 90:25:020103:3260 (structure), прав: 1, ограничений объекта: 0
2026-05-09 13:15:49,930 INFO egrn_parser.parsers.pdf_parser — ✓ Разобрана выписка КУВИ-001/2026-53836062: 90:25:020103:356 (structure), прав: 1, ограничений объекта: 0
2026-05-09 13:15:50,567 INFO egrn_parser.parsers.pdf_parser — ✓ Разобрана выписка КУВИ-001/2026-53842799: 90:25:000000:3899 (structure), прав: 1, ограничений объекта: 0
2026-05-09 13:15:51,160 INFO egrn_parser.parsers.pdf_parser — ✓ Разобрана выписка КУВИ-001/2026-55133438: 90:25:020103:4644 (building), прав: 1, ограничений объекта: 0
2026-05-09 13:15:51,735 INFO egrn_parser.parsers.pdf_parser — ✓ Разобрана выписка КУВИ-001/2026-55133040: 90:25:020103:4650 (building), прав: 1, ограничений объекта: 0
2026-05-09 13:15:52,393 INFO egrn_parser.parsers.pdf_parser — ✓ Разобрана выписка КУВИ-001/2026-55128162: 90:25:020103:4654 (building), прав: 1, ограничений объекта: 0
2026-05-09 13:15:52,962 INFO egrn_parser.parsers.pdf_parser — ✓ Разобрана выписка КУВИ-001/2026-55133697: 90:25:020103:4655 (building), прав: 1, ограничений объекта: 0
2026-05-09 13:15:53,594 INFO egrn_parser.parsers.pdf_parser — ✓ Разобрана выписка КУВИ-001/2026-53831500: 90:25:020103:4918 (structure), прав: 1, ограничений объекта: 0
2026-05-09 13:15:54,207 INFO egrn_parser.parsers.pdf_parser — ✓ Разобрана выписка КУВИ-001/2026-55127964: 90:25:020103:682 (building), прав: 1, ограничений объекта: 0
2026-05-09 13:15:54,764 INFO egrn_parser.parsers.pdf_parser — ✓ Разобрана выписка КУВИ-001/2026-54172672: 90:25:020102:685 (building), прав: 1, ограничений объекта: 0
2026-05-09 13:15:55,423 INFO egrn_parser.parsers.pdf_parser — ✓ Разобрана выписка КУВИ-001/2026-53841337: 90:25:020102:686 (structure), прав: 1, ограничений объекта: 0
2026-05-09 13:15:55,981 INFO egrn_parser.parsers.pdf_parser — ✓ Разобрана выписка КУВИ-001/2026-53829841: 90:25:020103:748 (structure), прав: 1, ограничений объекта: 0
2026-05-09 13:16:20,788 INFO egrn_parser.parsers.pdf_parser — ✓ Разобрана выписка КУВИ-001/2026-53834295: 90:25:020103:749 (building), прав: 2, ограничений объекта: 0
2026-05-09 13:16:21,360 INFO egrn_parser.parsers.pdf_parser — ✓ Разобрана выписка КУВИ-001/2026-55127913: 90:25:020103:753 (building), прав: 1, ограничений объекта: 0
2026-05-09 13:16:21,916 INFO egrn_parser.parsers.pdf_parser — ✓ Разобрана выписка КУВИ-001/2026-55127849: 90:25:020103:760 (building), прав: 1, ограничений объекта: 0
2026-05-09 13:16:22,500 INFO egrn_parser.parsers.pdf_parser — ✓ Разобрана выписка КУВИ-001/2026-55134051: 90:25:020103:762 (structure), прав: 1, ограничений объекта: 0
2026-05-09 13:16:23,058 INFO egrn_parser.parsers.pdf_parser — ✓ Разобрана выписка КУВИ-001/2026-55134186: 90:25:020103:764 (structure), прав: 1, ограничений объекта: 0
2026-05-09 13:16:23,680 INFO egrn_parser.parsers.pdf_parser — ✓ Разобрана выписка КУВИ-001/2026-53839435: 90:25:020103:8056 (structure), прав: 1, ограничений объекта: 0
2026-05-09 13:16:24,281 INFO egrn_parser.parsers.pdf_parser — ✓ Разобрана выписка КУВИ-001/2026-53838929: 90:25:020103:8057 (structure), прав: 1, ограничений объекта: 0
2026-05-09 13:16:24,918 INFO egrn_parser.parsers.pdf_parser — ✓ Разобрана выписка КУВИ-001/2026-55127770: 90:25:020103:8095 (structure), прав: 1, ограничений объекта: 0
2026-05-09 13:16:26,528 INFO egrn_parser.parsers.pdf_parser — ✓ Разобрана выписка КУВИ-001/2026-53840604: 90:25:020103:9278 (building), прав: 1, ограничений объекта: 0
2026-05-09 13:16:27,115 INFO egrn_parser.parsers.pdf_parser — ✓ Разобрана выписка КУВИ-001/2026-55132458: 90:25:020103:9281 (structure), прав: 1, ограничений объекта: 0
2026-05-09 13:16:27,682 INFO egrn_parser.parsers.pdf_parser — ✓ Разобрана выписка КУВИ-001/2026-55132254: 90:25:020103:9282 (building), прав: 1, ограничений объекта: 0
2026-05-09 13:16:28,341 INFO egrn_parser.parsers.pdf_parser — ✓ Разобрана выписка КУВИ-001/2026-53830377: 90:25:020103:9283 (building), прав: 1, ограничений объекта: 0
2026-05-09 13:16:28,914 INFO egrn_parser.parsers.pdf_parser — ✓ Разобрана выписка КУВИ-001/2026-55128366: 90:25:020103:9285 (structure), прав: 1, ограничений объекта: 0
2026-05-09 13:16:29,583 INFO egrn_parser.parsers.pdf_parser — ✓ Разобрана выписка КУВИ-001/2026-55132533: 90:25:020103:9287 (structure), прав: 1, ограничений объекта: 0
2026-05-09 13:16:30,128 INFO egrn_parser.parsers.pdf_parser — ✓ Разобрана выписка КУВИ-001/2026-55128312: 90:25:020103:9288 (structure), прав: 1, ограничений объекта: 0
2026-05-09 13:16:30,718 INFO egrn_parser.parsers.pdf_parser — ✓ Разобрана выписка КУВИ-001/2026-55132598: 90:25:020103:9290 (structure), прав: 1, ограничений объекта: 0
2026-05-09 13:16:31,385 INFO egrn_parser.parsers.pdf_parser — ✓ Разобрана выписка КУВИ-001/2026-55132717: 90:25:020103:9291 (structure), прав: 1, ограничений объекта: 0
2026-05-09 13:16:31,935 INFO egrn_parser.parsers.pdf_parser — ✓ Разобрана выписка КУВИ-001/2026-55132777: 90:25:020103:9293 (structure), прав: 1, ограничений объекта: 0
2026-05-09 13:16:32,513 INFO egrn_parser.parsers.pdf_parser — ✓ Разобрана выписка КУВИ-001/2026-55133222: 90:25:020103:9294 (structure), прав: 1, ограничений объекта: 0
2026-05-09 13:16:33,171 INFO egrn_parser.parsers.pdf_parser — ✓ Разобрана выписка КУВИ-001/2026-55133139: 90:25:020103:9295 (structure), прав: 1, ограничений объекта: 0
2026-05-09 13:16:33,768 INFO egrn_parser.parsers.pdf_parser — ✓ Разобрана выписка КУВИ-001/2026-55132852: 90:25:020103:9296 (structure), прав: 1, ограничений объекта: 0
2026-05-09 13:16:34,338 INFO egrn_parser.parsers.pdf_parser — ✓ Разобрана выписка КУВИ-001/2026-55133556: 90:25:020103:9298 (structure), прав: 1, ограничений объекта: 0
2026-05-09 13:16:34,991 INFO egrn_parser.parsers.pdf_parser — ✓ Разобрана выписка КУВИ-001/2026-55133313: 90:25:020103:9300 (structure), прав: 1, ограничений объекта: 0
2026-05-09 13:16:35,544 INFO egrn_parser.parsers.pdf_parser — ✓ Разобрана выписка КУВИ-001/2026-55133785: 90:25:020103:9303 (structure), прав: 1, ограничений объекта: 0
2026-05-09 13:16:36,222 INFO egrn_parser.parsers.pdf_parser — ✓ Разобрана выписка КУВИ-001/2026-55128251: 90:25:020103:9308 (structure), прав: 1, ограничений объекта: 0
2026-05-09 13:16:36,795 INFO egrn_parser.parsers.pdf_parser — ✓ Разобрана выписка КУВИ-001/2026-55133881: 90:25:020103:9302 (structure), прав: 1, ограничений объекта: 0
2026-05-09 13:16:37,467 INFO egrn_parser.parsers.pdf_parser — ✓ Разобрана выписка КУВИ-001/2026-53832281: 90:25:020103:1013 (building), прав: 3, ограничений объекта: 0
2026-05-09 13:16:47,247 INFO egrn_parser.parsers.pdf_parser — ✓ Разобрана выписка КУВИ-001/2026-53834711: 90:25:020103:1113 (building), прав: 2, ограничений объекта: 0
2026-05-09 13:16:48,245 INFO egrn_parser.parsers.pdf_parser — ✓ Разобрана выписка КУВИ-001/2026-54173461: 90:25:020103:1370 (building), прав: 2, ограничений объекта: 0
2026-05-09 13:16:48,803 INFO egrn_parser.parsers.pdf_parser — ✓ Разобрана выписка КУВИ-001/2026-53836994: 90:25:020103:1378 (structure), прав: 1, ограничений объекта: 0
2026-05-09 13:16:49,421 INFO egrn_parser.parsers.pdf_parser — ✓ Разобрана выписка КУВИ-001/2026-53837509: 90:25:020103:1391 (structure), прав: 1, ограничений объекта: 0
2026-05-09 13:16:49,936 INFO egrn_parser.parsers.pdf_parser — ✓ Разобрана выписка КУВИ-001/2026-53837866: 90:25:020103:1393 (structure), прав: 1, ограничений объекта: 0
2026-05-09 13:16:51,252 INFO egrn_parser.parsers.pdf_parser — ✓ Разобрана выписка КУВИ-001/2026-53833256: 90:25:020103:1463 (building), прав: 1, ограничений объекта: 0
2026-05-09 13:16:51,787 INFO egrn_parser.parsers.pdf_parser — ✓ Разобрана выписка КУВИ-001/2026-53831037: 90:25:020103:1466 (structure), прав: 1, ограничений объекта: 0
2026-05-09 13:16:52,537 INFO egrn_parser.parsers.pdf_parser — ✓ Разобрана выписка КУВИ-001/2026-53833791: 90:25:020103:1486 (building), прав: 2, ограничений объекта: 0
2026-05-09 13:16:53,070 INFO egrn_parser.parsers.pdf_parser — ✓ Разобрана выписка КУВИ-001/2026-53838516: 90:25:020103:1556 (structure), прав: 1, ограничений объекта: 0
2026-05-09 13:16:53,638 INFO egrn_parser.parsers.pdf_parser — ✓ Разобрана выписка КУВИ-001/2026-53832812: 90:25:020103:1585 (room), прав: 1, ограничений объекта: 0
2026-05-09 13:16:54,602 INFO egrn_parser.parsers.pdf_parser — ✓ Разобрана выписка КУВИ-001/2026-53840354: 90:25:020103:1590 (building), прав: 1, ограничений объекта: 0
2026-05-09 13:16:55,196 INFO egrn_parser.parsers.pdf_parser — ✓ Разобрана выписка КУВИ-001/2026-53836518: 90:25:020103:1627 (structure), прав: 1, ограничений объекта: 0
2026-05-09 13:16:55,848 INFO egrn_parser.parsers.pdf_parser — ✓ Разобрана выписка КУВИ-001/2026-53835648: 90:25:020103:2803 (structure), прав: 1, ограничений объекта: 0
2026-05-09 13:16:56,506 INFO egrn_parser.parsers.pdf_parser — ✓ Разобрана выписка КУВИ-001/2026-54174422: 90:25:020103:2862 (structure), прав: 1, ограничений объекта: 0
2026-05-09 13:16:57,101 INFO egrn_parser.parsers.pdf_parser — ✓ Разобрана выписка КУВИ-001/2026-54175002: 90:25:020103:2877 (structure), прав: 1, ограничений объекта: 0
2026-05-09 13:16:57,792 INFO egrn_parser.parsers.pdf_parser — ✓ Разобрана выписка КУВИ-001/2026-54175920: 90:25:020103:2886 (structure), прав: 1, ограничений объекта: 0
2026-05-09 13:16:58,367 INFO egrn_parser.parsers.pdf_parser — ✓ Разобрана выписка КУВИ-001/2026-54180044: 90:25:020103:2889 (structure), прав: 1, ограничений объекта: 0
2026-05-09 13:16:58,920 INFO egrn_parser.parsers.pdf_parser — ✓ Разобрана выписка КУВИ-001/2026-54180865: 90:25:020103:2892 (structure), прав: 1, ограничений объекта: 0
2026-05-09 13:16:59,630 INFO egrn_parser.parsers.pdf_parser — ✓ Разобрана выписка КУВИ-001/2026-54182006: 90:25:020103:2901 (structure), прав: 1, ограничений объекта: 0
2026-05-09 13:17:00,229 INFO egrn_parser.parsers.pdf_parser — ✓ Разобрана выписка КУВИ-001/2026-54182675: 90:25:020103:2910 (structure), прав: 1, ограничений объекта: 0
2026-05-09 13:17:00,868 INFO egrn_parser.parsers.pdf_parser — ✓ Разобрана выписка КУВИ-001/2026-54183421: 90:25:020103:2917 (structure), прав: 1, ограничений объекта: 0
2026-05-09 13:17:01,667 INFO egrn_parser.parsers.pdf_parser — ✓ Разобрана выписка КУВИ-001/2026-53841969: 90:25:020102:324 (building), прав: 1, ограничений объекта: 0
2026-05-09 13:17:02,316 INFO egrn_parser.parsers.pdf_parser — ✓ Разобрана выписка КУВИ-001/2026-53843935: 90:25:020102:325 (building), прав: 1, ограничений объекта: 0
2026-05-09 13:17:02,903 INFO egrn_parser.parsers.pdf_parser — ✓ Разобрана выписка КУВИ-001/2026-53843368: 90:25:020102:326 (structure), прав: 1, ограничений объекта: 0
2026-05-09 13:17:03,418 INFO egrn_parser.parsers.pdf_parser — ✓ Разобрана выписка КУВИ-001/2026-53836062: 90:25:020103:356 (structure), прав: 1, ограничений объекта: 0
2026-05-09 13:17:03,987 INFO egrn_parser.parsers.pdf_parser — ✓ Разобрана выписка КУВИ-001/2026-53842799: 90:25:000000:3899 (structure), прав: 1, ограничений объекта: 0
2026-05-09 13:17:04,602 INFO egrn_parser.parsers.pdf_parser — ✓ Разобрана выписка КУВИ-001/2026-53831500: 90:25:020103:4918 (structure), прав: 1, ограничений объекта: 0
2026-05-09 13:17:05,123 INFO egrn_parser.parsers.pdf_parser — ✓ Разобрана выписка КУВИ-001/2026-54172672: 90:25:020102:685 (building), прав: 1, ограничений объекта: 0
2026-05-09 13:17:05,708 INFO egrn_parser.parsers.pdf_parser — ✓ Разобрана выписка КУВИ-001/2026-53841337: 90:25:020102:686 (structure), прав: 1, ограничений объекта: 0
2026-05-09 13:17:06,390 INFO egrn_parser.parsers.pdf_parser — ✓ Разобрана выписка КУВИ-001/2026-53829841: 90:25:020103:748 (structure), прав: 1, ограничений объекта: 0
2026-05-09 13:17:35,514 INFO egrn_parser.parsers.pdf_parser — ✓ Разобрана выписка КУВИ-001/2026-53834295: 90:25:020103:749 (building), прав: 2, ограничений объекта: 0
2026-05-09 13:17:36,976 INFO egrn_parser.parsers.pdf_parser — ✓ Разобрана выписка КУВИ-001/2026-53839435: 90:25:020103:8056 (structure), прав: 1, ограничений объекта: 0
2026-05-09 13:17:37,601 INFO egrn_parser.parsers.pdf_parser — ✓ Разобрана выписка КУВИ-001/2026-53838929: 90:25:020103:8057 (structure), прав: 1, ограничений объекта: 0
2026-05-09 13:17:38,136 INFO egrn_parser.parsers.pdf_parser — ✓ Разобрана выписка КУВИ-001/2026-53840604: 90:25:020103:9278 (building), прав: 1, ограничений объекта: 0
2026-05-09 13:17:38,762 INFO egrn_parser.parsers.pdf_parser — ✓ Разобрана выписка КУВИ-001/2026-53830377: 90:25:020103:9283 (building), прав: 1, ограничений объекта: 0
2026-05-09 13:17:39,252 INFO egrn_parser.parsers.pdf_parser — ✓ Разобрана выписка КУВИ-001/2026-53817652: 90:25:020103:1331 (land), прав: 1, ограничений объекта: 0
2026-05-09 13:17:40,162 INFO egrn_parser.parsers.pdf_parser — ✓ Разобрана выписка КУВИ-001/2026-53817335: 90:25:020103:1342 (land), прав: 1, ограничений объекта: 0
2026-05-09 13:17:40,857 INFO egrn_parser.parsers.pdf_parser — ✓ Разобрана выписка КУВИ-001/2026-53818768: 90:25:020102:357 (land), прав: 1, ограничений объекта: 0
2026-05-09 13:17:41,371 INFO egrn_parser.parsers.pdf_parser — ✓ Разобрана выписка КУВИ-001/2026-53818266: 90:25:020102:358 (land), прав: 1, ограничений объекта: 0
2026-05-09 13:17:41,913 INFO egrn_parser.parsers.pdf_parser — ✓ Разобрана выписка КУВИ-001/2026-53817024: 90:25:020103:9299 (land), прав: 1, ограничений объекта: 0
2026-05-09 13:17:42,547 INFO egrn_parser.parsers.pdf_parser — ✓ Разобрана выписка КУВИ-001/2026-53816296: 90:25:020103:9317 (land), прав: 2, ограничений объекта: 0
2026-05-09 13:17:43,111 INFO egrn_parser.parsers.pdf_parser — ✓ Разобрана выписка КУВИ-001/2026-53815927: 90:25:020103:9466 (land), прав: 1, ограничений объекта: 0
2026-05-09 13:17:43,638 INFO egrn_parser.parsers.pdf_parser — ✓ Разобрана выписка КУВИ-001/2026-53819164: 90:25:020102:356 (land), прав: 1, ограничений объекта: 0
2026-05-09 13:17:44,258 INFO egrn_parser.parsers.pdf_parser — ✓ Разобрана выписка КУВИ-001/2026-53816553: 90:25:020103:9301 (land), прав: 1, ограничений объекта: 0
2026-05-09 13:17:44,320 ERROR egrn_parser.parsers.docx_parser — Не удалось открыть DOCX Имущество ЗУ и ОКС со стоимостью и сносами .doc: file 'E:\Code\ekcelo\parcer\work_parser\выписки\Оценка апрель 2026\Объекты ССР 4\Имущество ЗУ и ОКС со стоимостью и сносами .doc' is not a Word file, content type is 'application/vnd.openxmlformats-officedocument.themeManager+xml'
2026-05-09 13:17:44,384 INFO egrn_parser.parsers.spravka_parser — ✓ Перечень Имущество ЗУ и ОКС со стоимостью и сносами .docx: 0 ЗУ, 0 зданий
2026-05-09 13:17:45,428 INFO egrn_parser.parsers.pdf_parser — ✓ Разобрана выписка КУВИ-001/2026-52613832: 90:25:020102:119 (land), прав: 4, ограничений объекта: 0
2026-05-09 13:17:46,511 INFO egrn_parser.parsers.pdf_parser — ✓ Разобрана выписка КУВИ-001/2026-52613017: 90:25:020102:124 (land), прав: 4, ограничений объекта: 0
2026-05-09 13:17:47,535 INFO egrn_parser.parsers.pdf_parser — ✓ Разобрана выписка КУВИ-001/2026-52614640: 90:25:020103:8653 (land), прав: 2, ограничений объекта: 0
2026-05-09 13:17:48,962 INFO egrn_parser.parsers.pdf_parser — ✓ Разобрана выписка КУВИ-001/2026-52648180: 90:25:020102:26 (building), прав: 3, ограничений объекта: 0
2026-05-09 13:17:49,702 INFO egrn_parser.parsers.pdf_parser — ✓ Разобрана выписка КУВИ-001/2026-52671745: 90:25:020102:36 (building), прав: 1, ограничений объекта: 0
2026-05-09 13:17:50,294 INFO egrn_parser.parsers.pdf_parser — ✓ Разобрана выписка КУВИ-001/2026-52628610: 90:25:020102:698 (building), прав: 1, ограничений объекта: 0
2026-05-09 13:17:51,164 INFO egrn_parser.parsers.pdf_parser — ✓ Разобрана выписка КУВИ-001/2026-52649458: 90:25:020102:215 (structure), прав: 3, ограничений объекта: 0
2026-05-09 13:17:51,908 INFO egrn_parser.parsers.pdf_parser — ✓ Разобрана выписка КУВИ-001/2026-52649146: 90:25:020102:221 (structure), прав: 3, ограничений объекта: 0
2026-05-09 13:17:52,779 INFO egrn_parser.parsers.pdf_parser — ✓ Разобрана выписка КУВИ-001/2026-52649892: 90:25:020102:222 (structure), прав: 3, ограничений объекта: 0
2026-05-09 13:17:53,524 INFO egrn_parser.parsers.pdf_parser — ✓ Разобрана выписка КУВИ-001/2026-52650224: 90:25:020102:449 (structure), прав: 3, ограничений объекта: 0
2026-05-09 13:17:54,410 INFO egrn_parser.parsers.pdf_parser — ✓ Разобрана выписка КУВИ-001/2026-52683937: 90:25:020102:451 (structure), прав: 3, ограничений объекта: 0
2026-05-09 13:17:55,311 INFO egrn_parser.parsers.pdf_parser — ✓ Разобрана выписка КУВИ-001/2026-52650491: 90:25:020102:452 (structure), прав: 3, ограничений объекта: 0
2026-05-09 13:17:56,148 INFO egrn_parser.parsers.pdf_parser — ✓ Разобрана выписка КУВИ-001/2026-52647916: 90:25:020102:24 (building), прав: 3, ограничений объекта: 0
2026-05-09 13:17:56,904 INFO egrn_parser.parsers.pdf_parser — ✓ Разобрана выписка КУВИ-001/2026-52648647: 90:25:020102:27 (building), прав: 3, ограничений объекта: 0
2026-05-09 13:17:57,773 INFO egrn_parser.parsers.pdf_parser — ✓ Разобрана выписка КУВИ-001/2026-52650826: 90:25:020102:35 (building), прав: 3, ограничений объекта: 0
2026-05-09 13:17:58,612 INFO egrn_parser.parsers.pdf_parser — ✓ Разобрана выписка КУВИ-001/2026-52620443: 90:25:020102:32 (building), прав: 3, ограничений объекта: 0
2026-05-09 13:17:59,529 INFO egrn_parser.parsers.pdf_parser — ✓ Разобрана выписка КУВИ-001/2026-52620963: 90:25:020102:23 (building), прав: 3, ограничений объекта: 0
2026-05-09 13:18:00,286 INFO egrn_parser.parsers.pdf_parser — ✓ Разобрана выписка КУВИ-001/2026-52621590: 90:25:020102:34 (building), прав: 3, ограничений объекта: 0
2026-05-09 13:18:01,548 INFO egrn_parser.parsers.pdf_parser — ✓ Разобрана выписка КУВИ-001/2026-52622549: 90:25:020102:33 (building), прав: 3, ограничений объекта: 0
2026-05-09 13:18:02,486 INFO egrn_parser.parsers.pdf_parser — ✓ Разобрана выписка КУВИ-001/2026-52623107: 90:25:020102:31 (building), прав: 3, ограничений объекта: 0
2026-05-09 13:18:03,333 INFO egrn_parser.parsers.pdf_parser — ✓ Разобрана выписка КУВИ-001/2026-52625178: 90:25:020102:30 (building), прав: 3, ограничений объекта: 0
2026-05-09 13:18:03,963 INFO egrn_parser.parsers.pdf_parser — ✓ Разобрана выписка КУВИ-001/2026-52672383: 90:25:020103:641 (building), прав: 1, ограничений объекта: 0
2026-05-09 13:18:04,544 INFO egrn_parser.parsers.pdf_parser — ✓ Разобрана выписка КУВИ-001/2026-52672945: 90:25:020103:633 (building), прав: 1, ограничений объекта: 0
2026-05-09 13:18:05,350 INFO egrn_parser.parsers.pdf_parser — ✓ Разобрана выписка КУВИ-001/2026-52626660: 90:25:020102:37 (building), прав: 3, ограничений объекта: 0
2026-05-09 13:18:06,269 INFO egrn_parser.parsers.pdf_parser — ✓ Разобрана выписка КУВИ-001/2026-52627619: 90:25:020102:188 (structure), прав: 3, ограничений объекта: 0
2026-05-09 13:18:07,329 INFO egrn_parser.parsers.pdf_parser — ✓ Разобрана выписка КУВИ-001/2026-52625789: 90:25:020102:29 (building), прав: 3, ограничений объекта: 0
2026-05-09 13:18:07,859 INFO egrn_parser.parsers.pdf_parser — ✓ Разобрана выписка КУВИ-001/2026-52673221: 90:22:010701:510 (ons), прав: 1, ограничений объекта: 0
2026-05-09 13:18:08,726 INFO egrn_parser.parsers.pdf_parser — ✓ Разобрана выписка КУВИ-001/2026-52647565: 90:25:020102:28 (building), прав: 3, ограничений объекта: 0
2026-05-09 13:18:09,491 INFO egrn_parser.parsers.pdf_parser — ✓ Разобрана выписка КУВИ-001/2026-52623926: 90:25:020102:25 (building), прав: 3, ограничений объекта: 0
2026-05-09 13:18:10,086 INFO egrn_parser.parsers.pdf_parser — ✓ Разобрана выписка КУВИ-001/2026-52629353: 90:25:020102:696 (building), прав: 1, ограничений объекта: 0
2026-05-09 13:18:11,051 INFO egrn_parser.parsers.pdf_parser — ✓ Разобрана выписка КУВИ-001/2026-52623495: 90:25:020102:38 (building), прав: 3, ограничений объекта: 0
2026-05-09 13:18:11,804 INFO egrn_parser.parsers.pdf_parser — ✓ Разобрана выписка КУВИ-001/2026-52672675: 90:25:020103:632 (building), прав: 1, ограничений объекта: 0
2026-05-09 13:18:12,527 INFO egrn_parser.parsers.pdf_parser — ✓ Разобрана выписка КУВИ-001/2026-52672039: 90:25:020103:634 (building), прав: 1, ограничений объекта: 0
2026-05-09 13:18:13,145 INFO egrn_parser.parsers.pdf_parser — ✓ Разобрана выписка КУВИ-001/2026-52628125: 90:25:020102:242 (structure), прав: 1, ограничений объекта: 0
2026-05-09 13:18:13,983 INFO egrn_parser.parsers.pdf_parser — ✓ Разобрана выписка КУВИ-001/2026-52624607: 90:25:020102:241 (building), прав: 3, ограничений объекта: 0
2026-05-09 13:18:14,600 INFO egrn_parser.parsers.pdf_parser — ✓ Разобрана выписка КУВИ-001/2026-52628966: 90:25:020102:697 (building), прав: 1, ограничений объекта: 0
2026-05-09 13:18:14,691 INFO egrn_parser.parsers.spravka_parser — ✓ Перечень Перечень имущества (ССР 5).docx: 3 ЗУ, 33 зданий
2026-05-09 13:22:42,446 INFO egrn_parser.parsers.osv_parser — ✓ ОСВ ОСВ по счету 01 за 1 квартал 2026 г. ООО САНАТОРИЙ  СОСНОВАЯ РОЩА.xlsx: 706 принадлежностей, 1353 оценок, 3 предупреждений
2026-05-09 13:31:29,437 INFO egrn_parser.merge.cad_resolver — cad_resolver: сопоставлено 31 принадлежностей
2026-05-09 13:31:29,527 INFO egrn_parser.parsers.spravka_parser — ✓ Справка Справка ООО ССР 21.04.2026 .docx: 8 аренд ЗУ, 8 ОКС
2026-05-09 13:31:29,551 INFO egrn_parser.enrichers.room_parent_resolver — resolve_room_parent: обновлено 0 помещений
2026-05-09 13:31:30,982 INFO egrn_parser.exporters.xlsx_exporter — ✓ XLSX экспорт: egrn_20260509_103129.xlsx (16 листов)
2026-05-09 13:31:31,151 INFO egrn_parser.exporters.json_exporter — ✓ JSON экспорт: egrn_20260509_103129.json (16 таблиц)
2026-05-09 13:31:31,198 INFO egrn_parser.exporters.graph_json — ✓ graph.json v1.1: 771 узлов, 35 рёбер, 1 групп → graph.json
